<?xml version="1.0" encoding="UTF-8"?>
<testng-results ignored="0" total="1" passed="1" failed="0" skipped="0">
  <reporter-output>
    <line>
      <![CDATA[BeforeSuite: DataBase Connection start]]>
    </line>
    <line>
      <![CDATA[User is able to open empty Browser]]>
    </line>
    <line>
      <![CDATA[User is able to open DemoWebSho]]>
    </line>
    <line>
      <![CDATA[User is able to open DemoWebShop HomePAge]]>
    </line>
    <line>
      <![CDATA[User is able to close the DemoWebShop]]>
    </line>
    <line>
      <![CDATA[AfterSuite: DataBase Connection stop]]>
    </line>
  </reporter-output>
  <suite started-at="2024-03-27T22:22:52 IST" name="Default suite" finished-at="2024-03-27T22:23:06 IST" duration-ms="14698">
    <groups>
    </groups>
    <test started-at="2024-03-27T22:22:52 IST" name="Default test" finished-at="2024-03-27T22:23:06 IST" duration-ms="14698">
      <class name="Login.Tc_Login_001">
        <test-method is-config="true" signature="beforeSuite()[pri:0, instance:Login.Tc_Login_001@4738a206]" started-at="2024-03-27T22:22:52 IST" name="beforeSuite" finished-at="2024-03-27T22:22:52 IST" duration-ms="11" status="PASS">
          <reporter-output>
            <line>
              <![CDATA[BeforeSuite: DataBase Connection start]]>
            </line>
          </reporter-output>
        </test-method> <!-- beforeSuite -->
        <test-method is-config="true" signature="browserSetUp()[pri:0, instance:Login.Tc_Login_001@4738a206]" started-at="2024-03-27T22:22:52 IST" name="browserSetUp" finished-at="2024-03-27T22:23:01 IST" duration-ms="9496" status="PASS">
          <reporter-output>
            <line>
              <![CDATA[User is able to open empty Browser]]>
            </line>
            <line>
              <![CDATA[User is able to open DemoWebSho]]>
            </line>
            <line>
              <![CDATA[User is able to open DemoWebShop HomePAge]]>
            </line>
          </reporter-output>
        </test-method> <!-- browserSetUp -->
        <test-method signature="loginPage()[pri:0, instance:Login.Tc_Login_001@4738a206]" started-at="2024-03-27T22:23:01 IST" name="loginPage" finished-at="2024-03-27T22:23:03 IST" duration-ms="1844" status="PASS">
          <reporter-output>
          </reporter-output>
        </test-method> <!-- loginPage -->
        <test-method is-config="true" signature="toQuitBroswer()[pri:0, instance:Login.Tc_Login_001@4738a206]" started-at="2024-03-27T22:23:03 IST" name="toQuitBroswer" finished-at="2024-03-27T22:23:06 IST" duration-ms="3315" status="PASS">
          <reporter-output>
            <line>
              <![CDATA[User is able to close the DemoWebShop]]>
            </line>
          </reporter-output>
        </test-method> <!-- toQuitBroswer -->
        <test-method is-config="true" signature="afterSuite()[pri:0, instance:Login.Tc_Login_001@4738a206]" started-at="2024-03-27T22:23:07 IST" name="afterSuite" finished-at="2024-03-27T22:23:07 IST" duration-ms="1" status="PASS">
          <reporter-output>
            <line>
              <![CDATA[AfterSuite: DataBase Connection stop]]>
            </line>
          </reporter-output>
        </test-method> <!-- afterSuite -->
      </class> <!-- Login.Tc_Login_001 -->
    </test> <!-- Default test -->
  </suite> <!-- Default suite -->
</testng-results>
